<?xml version="1.0" encoding="UTF-8"?>
<!-- Generated by org.testng.reporters.JUnitReportReporter -->
<testsuite hostname="User" failures="0" tests="1" name="Myntraa.AutomateMyntraa" time="11.210" errors="0" timestamp="2024-12-24T13:36:01 IST" skipped="0">
  <testcase classname="Myntraa.AutomateMyntraa" name="searchProduct" time="11.210"/>
  <system-out/>
</testsuite> <!-- Myntraa.AutomateMyntraa -->
