<?xml version="1.0" encoding="UTF-8"?>
<!-- Generated by org.testng.reporters.JUnitReportReporter -->
<testsuite hostname="User" failures="0" tests="2" name="Amazon.AutomateAmazon" time="47.676" errors="0" timestamp="2024-12-25T21:46:42 IST" skipped="0">
  <testcase classname="Amazon.AutomateAmazon" name="launchAmazon" time="27.054"/>
  <system-out/>
  <testcase classname="Amazon.AutomateAmazon" name="launch" time="20.622"/>
  <system-out/>
</testsuite> <!-- Amazon.AutomateAmazon -->
