<?xml version="1.0" encoding="UTF-8"?>
<!-- Generated by org.testng.reporters.JUnitReportReporter -->
<testsuite hostname="User" failures="0" tests="2" name="Flipkart.AutomateFlipkart" time="9.393" errors="0" timestamp="2024-12-25T10:34:38 IST" skipped="0">
  <testcase classname="Flipkart.AutomateFlipkart" name="launch" time="7.701"/>
  <system-out/>
  <testcase classname="Flipkart.AutomateFlipkart" name="searchProduct" time="1.692"/>
  <system-out/>
</testsuite> <!-- Flipkart.AutomateFlipkart -->
