<?xml version="1.0" encoding="UTF-8"?>
<!-- Generated by org.testng.reporters.JUnitReportReporter -->
<testsuite hostname="User" failures="0" tests="1" name="Flipkart.AutomateFlipkart" time="11.462" errors="0" timestamp="2024-12-25T08:56:11 IST" skipped="0">
  <testcase classname="Flipkart.AutomateFlipkart" name="login" time="11.462"/>
  <system-out/>
</testsuite> <!-- Flipkart.AutomateFlipkart -->
